This is XeTeX, Version 3.14159265-2.6-0.999992 (TeX Live 2020) (preloaded format=xelatex 2020.7.29)  9 SEP 2021 21:05
entering extended mode
 restricted \write18 enabled.
 %&-line parsing enabled.
**_main.tex
(./_main.tex
LaTeX2e <2020-02-02> patch level 5
L3 programming layer <2020-07-17> (/usr/local/texlive/texmf-dist/tex/latex/base
/book.cls
Document Class: book 2019/12/20 v1.4l Standard LaTeX document class
(/usr/local/texlive/texmf-dist/tex/latex/base/bk10.clo
File: bk10.clo 2019/12/20 v1.4l Standard LaTeX file (size option)
)
\c@part=\count164
\c@chapter=\count165
\c@section=\count166
\c@subsection=\count167
\c@subsubsection=\count168
\c@paragraph=\count169
\c@subparagraph=\count170
\c@figure=\count171
\c@table=\count172
\abovecaptionskip=\skip47
\belowcaptionskip=\skip48
\bibindent=\dimen134
) (/usr/local/texlive/texmf-dist/tex/latex/lm/lmodern.sty
Package: lmodern 2009/10/30 v1.6 Latin Modern Fonts
LaTeX Font Info:    Overwriting symbol font `operators' in version `normal'
(Font)                  OT1/cmr/m/n --> OT1/lmr/m/n on input line 22.
LaTeX Font Info:    Overwriting symbol font `letters' in version `normal'
(Font)                  OML/cmm/m/it --> OML/lmm/m/it on input line 23.
LaTeX Font Info:    Overwriting symbol font `symbols' in version `normal'
(Font)                  OMS/cmsy/m/n --> OMS/lmsy/m/n on input line 24.
LaTeX Font Info:    Overwriting symbol font `largesymbols' in version `normal'
(Font)                  OMX/cmex/m/n --> OMX/lmex/m/n on input line 25.
LaTeX Font Info:    Overwriting symbol font `operators' in version `bold'
(Font)                  OT1/cmr/bx/n --> OT1/lmr/bx/n on input line 26.
LaTeX Font Info:    Overwriting symbol font `letters' in version `bold'
(Font)                  OML/cmm/b/it --> OML/lmm/b/it on input line 27.
LaTeX Font Info:    Overwriting symbol font `symbols' in version `bold'
(Font)                  OMS/cmsy/b/n --> OMS/lmsy/b/n on input line 28.
LaTeX Font Info:    Overwriting symbol font `largesymbols' in version `bold'
(Font)                  OMX/cmex/m/n --> OMX/lmex/m/n on input line 29.
LaTeX Font Info:    Overwriting math alphabet `\mathbf' in version `normal'
(Font)                  OT1/cmr/bx/n --> OT1/lmr/bx/n on input line 31.
LaTeX Font Info:    Overwriting math alphabet `\mathsf' in version `normal'
(Font)                  OT1/cmss/m/n --> OT1/lmss/m/n on input line 32.
LaTeX Font Info:    Overwriting math alphabet `\mathit' in version `normal'
(Font)                  OT1/cmr/m/it --> OT1/lmr/m/it on input line 33.
LaTeX Font Info:    Overwriting math alphabet `\mathtt' in version `normal'
(Font)                  OT1/cmtt/m/n --> OT1/lmtt/m/n on input line 34.
LaTeX Font Info:    Overwriting math alphabet `\mathbf' in version `bold'
(Font)                  OT1/cmr/bx/n --> OT1/lmr/bx/n on input line 35.
LaTeX Font Info:    Overwriting math alphabet `\mathsf' in version `bold'
(Font)                  OT1/cmss/bx/n --> OT1/lmss/bx/n on input line 36.
LaTeX Font Info:    Overwriting math alphabet `\mathit' in version `bold'
(Font)                  OT1/cmr/bx/it --> OT1/lmr/bx/it on input line 37.
LaTeX Font Info:    Overwriting math alphabet `\mathtt' in version `bold'
(Font)                  OT1/cmtt/m/n --> OT1/lmtt/m/n on input line 38.
) (/usr/local/texlive/texmf-dist/tex/latex/amsfonts/amssymb.sty
Package: amssymb 2013/01/14 v3.01 AMS font symbols
(/usr/local/texlive/texmf-dist/tex/latex/amsfonts/amsfonts.sty
Package: amsfonts 2013/01/14 v3.01 Basic AMSFonts support
\@emptytoks=\toks15
\symAMSa=\mathgroup4
\symAMSb=\mathgroup5
LaTeX Font Info:    Redeclaring math symbol \hbar on input line 98.
LaTeX Font Info:    Overwriting math alphabet `\mathfrak' in version `bold'
(Font)                  U/euf/m/n --> U/euf/b/n on input line 106.
)) (/usr/local/texlive/texmf-dist/tex/latex/amsmath/amsmath.sty
Package: amsmath 2020/09/23 v2.17i AMS math features
\@mathmargin=\skip49
For additional information on amsmath, use the `?' option.
(/usr/local/texlive/texmf-dist/tex/latex/amsmath/amstext.sty
Package: amstext 2000/06/29 v2.01 AMS text
(/usr/local/texlive/texmf-dist/tex/latex/amsmath/amsgen.sty
File: amsgen.sty 1999/11/30 v2.0 generic functions
\@emptytoks=\toks16
\ex@=\dimen135
)) (/usr/local/texlive/texmf-dist/tex/latex/amsmath/amsbsy.sty
Package: amsbsy 1999/11/29 v1.2d Bold Symbols
\pmbraise@=\dimen136
) (/usr/local/texlive/texmf-dist/tex/latex/amsmath/amsopn.sty
Package: amsopn 2016/03/08 v2.02 operator names
)
\inf@bad=\count173
LaTeX Info: Redefining \frac on input line 234.
\uproot@=\count174
\leftroot@=\count175
LaTeX Info: Redefining \overline on input line 399.
\classnum@=\count176
\DOTSCASE@=\count177
LaTeX Info: Redefining \ldots on input line 496.
LaTeX Info: Redefining \dots on input line 499.
LaTeX Info: Redefining \cdots on input line 620.
\Mathstrutbox@=\box45
\strutbox@=\box46
\big@size=\dimen137
LaTeX Font Info:    Redeclaring font encoding OML on input line 743.
LaTeX Font Info:    Redeclaring font encoding OMS on input line 744.
\macc@depth=\count178
\c@MaxMatrixCols=\count179
\dotsspace@=\muskip16
\c@parentequation=\count180
\dspbrk@lvl=\count181
\tag@help=\toks17
\row@=\count182
\column@=\count183
\maxfields@=\count184
\andhelp@=\toks18
\eqnshift@=\dimen138
\alignsep@=\dimen139
\tagshift@=\dimen140
\tagwidth@=\dimen141
\totwidth@=\dimen142
\lineht@=\dimen143
\@envbody=\toks19
\multlinegap=\skip50
\multlinetaggap=\skip51
\mathdisplay@stack=\toks20
LaTeX Info: Redefining \[ on input line 2923.
LaTeX Info: Redefining \] on input line 2924.
) (/usr/local/texlive/texmf-dist/tex/generic/iftex/ifxetex.sty
Package: ifxetex 2019/10/25 v0.7 ifxetex legacy package. Use iftex instead.
(/usr/local/texlive/texmf-dist/tex/generic/iftex/iftex.sty
Package: iftex 2020/03/06 v1.0d TeX engine tests
)) (/usr/local/texlive/texmf-dist/tex/generic/iftex/ifluatex.sty
Package: ifluatex 2019/10/25 v1.5 ifluatex legacy package. Use iftex instead.
) (/usr/local/texlive/texmf-dist/tex/latex/unicode-math/unicode-math.sty (/usr/
local/texlive/texmf-dist/tex/latex/l3kernel/expl3.sty
Package: expl3 2020-07-17 L3 programming layer (loader) 
(/usr/local/texlive/texmf-dist/tex/latex/l3backend/l3backend-xdvipdfmx.def
File: l3backend-xdvipdfmx.def 2020-06-29 L3 backend support: xdvipdfmx
\g__graphics_track_int=\count185
\l__pdf_internal_box=\box47
\g__pdf_backend_object_int=\count186
\g__pdf_backend_annotation_int=\count187
))
Package: unicode-math 2020/01/31 v0.8q Unicode maths in XeLaTeX and LuaLaTeX
(/usr/local/texlive/texmf-dist/tex/latex/unicode-math/unicode-math-xetex.sty
Package: unicode-math-xetex 2020/01/31 v0.8q Unicode maths in XeLaTeX and LuaLa
TeX
(/usr/local/texlive/texmf-dist/tex/latex/l3packages/xparse/xparse.sty
Package: xparse 2020-05-15 L3 Experimental document command parser
(/usr/local/texlive/texmf-dist/tex/latex/l3packages/xparse/xparse-generic.tex
\l__xparse_current_arg_int=\count188
\g__xparse_grabber_int=\count189
\l__xparse_m_args_int=\count190
\l__xparse_v_nesting_int=\count191
)) (/usr/local/texlive/texmf-dist/tex/latex/l3packages/l3keys2e/l3keys2e.sty
Package: l3keys2e 2020-05-15 LaTeX2e option processing using LaTeX3 keys
) (/usr/local/texlive/texmf-dist/tex/latex/fontspec/fontspec.sty
Package: fontspec 2020/02/21 v2.7i Font selection for XeLaTeX and LuaLaTeX
(/usr/local/texlive/texmf-dist/tex/latex/fontspec/fontspec-xetex.sty
Package: fontspec-xetex 2020/02/21 v2.7i Font selection for XeLaTeX and LuaLaTe
X
\l__fontspec_script_int=\count192
\l__fontspec_language_int=\count193
\l__fontspec_strnum_int=\count194
\l__fontspec_tmp_int=\count195
\l__fontspec_tmpa_int=\count196
\l__fontspec_tmpb_int=\count197
\l__fontspec_tmpc_int=\count198
\l__fontspec_em_int=\count199
\l__fontspec_emdef_int=\count266
\l__fontspec_strong_int=\count267
\l__fontspec_strongdef_int=\count268
\l__fontspec_tmpa_dim=\dimen144
\l__fontspec_tmpb_dim=\dimen145
\l__fontspec_tmpc_dim=\dimen146
(/usr/local/texlive/texmf-dist/tex/latex/base/fontenc.sty
Package: fontenc 2020/02/11 v2.0o Standard LaTeX package
) (/usr/local/texlive/texmf-dist/tex/latex/fontspec/fontspec.cfg))) (/usr/local
/texlive/texmf-dist/tex/latex/base/fix-cm.sty
Package: fix-cm 2015/01/14 v1.1t fixes to LaTeX
(/usr/local/texlive/texmf-dist/tex/latex/base/ts1enc.def
File: ts1enc.def 2001/06/05 v3.0e (jk/car/fm) Standard LaTeX file
LaTeX Font Info:    Redeclaring font encoding TS1 on input line 47.
))
\g__um_fam_int=\count269
\g__um_fonts_used_int=\count270
\l__um_primecount_int=\count271
\g__um_primekern_muskip=\muskip17
(/usr/local/texlive/texmf-dist/tex/latex/unicode-math/unicode-math-table.tex)))
(/usr/local/texlive/texmf-dist/tex/latex/parskip/parskip.sty
Package: parskip 2020-06-15 v2.0f non-zero parskip adjustments
(/usr/local/texlive/texmf-dist/tex/latex/kvoptions/kvoptions.sty
Package: kvoptions 2020-10-07 v3.14 Key value format for package options (HO)
(/usr/local/texlive/texmf-dist/tex/latex/graphics/keyval.sty
Package: keyval 2014/10/28 v1.15 key=value parser (DPC)
\KV@toks@=\toks21
) (/usr/local/texlive/texmf-dist/tex/generic/ltxcmds/ltxcmds.sty
Package: ltxcmds 2020-05-10 v1.25 LaTeX kernel commands for general use (HO)
) (/usr/local/texlive/texmf-dist/tex/generic/kvsetkeys/kvsetkeys.sty
Package: kvsetkeys 2019/12/15 v1.18 Key value parser (HO)
)) (/usr/local/texlive/texmf-dist/tex/latex/etoolbox/etoolbox.sty
Package: etoolbox 2020/10/05 v2.5k e-TeX tools for LaTeX (JAW)
\etb@tempcnta=\count272
)) (/usr/local/texlive/texmf-dist/tex/latex/xcolor/xcolor.sty
Package: xcolor 2016/05/11 v2.12 LaTeX color extensions (UK)
(/usr/local/texlive/texmf-dist/tex/latex/graphics-cfg/color.cfg
File: color.cfg 2016/01/02 v1.6 sample color configuration
)
Package xcolor Info: Driver file: xetex.def on input line 225.
(/usr/local/texlive/texmf-dist/tex/latex/graphics-def/xetex.def
File: xetex.def 2017/06/24 v5.0h Graphics/color driver for xetex
)
Package xcolor Info: Model `cmy' substituted by `cmy0' on input line 1348.
Package xcolor Info: Model `RGB' extended on input line 1364.
Package xcolor Info: Model `HTML' substituted by `rgb' on input line 1366.
Package xcolor Info: Model `Hsb' substituted by `hsb' on input line 1367.
Package xcolor Info: Model `tHsb' substituted by `hsb' on input line 1368.
Package xcolor Info: Model `HSB' substituted by `hsb' on input line 1369.
Package xcolor Info: Model `Gray' substituted by `gray' on input line 1370.
Package xcolor Info: Model `wave' substituted by `hsb' on input line 1371.
) (/usr/local/texlive/texmf-dist/tex/latex/hyperref/hyperref.sty
Package: hyperref 2020-05-15 v7.00e Hypertext links for LaTeX
(/usr/local/texlive/texmf-dist/tex/generic/pdftexcmds/pdftexcmds.sty
Package: pdftexcmds 2020-06-27 v0.33 Utility functions of pdfTeX for LuaTeX (HO
)
(/usr/local/texlive/texmf-dist/tex/generic/infwarerr/infwarerr.sty
Package: infwarerr 2019/12/03 v1.5 Providing info/warning/error messages (HO)
)
Package pdftexcmds Info: \pdf@primitive is available.
Package pdftexcmds Info: \pdf@ifprimitive is available.
Package pdftexcmds Info: \pdfdraftmode not found.
) (/usr/local/texlive/texmf-dist/tex/generic/kvdefinekeys/kvdefinekeys.sty
Package: kvdefinekeys 2019-12-19 v1.6 Define keys (HO)
) (/usr/local/texlive/texmf-dist/tex/generic/pdfescape/pdfescape.sty
Package: pdfescape 2019/12/09 v1.15 Implements pdfTeX's escape features (HO)
) (/usr/local/texlive/texmf-dist/tex/latex/hycolor/hycolor.sty
Package: hycolor 2020-01-27 v1.10 Color options for hyperref/bookmark (HO)
) (/usr/local/texlive/texmf-dist/tex/latex/letltxmacro/letltxmacro.sty
Package: letltxmacro 2019/12/03 v1.6 Let assignment for LaTeX macros (HO)
) (/usr/local/texlive/texmf-dist/tex/latex/auxhook/auxhook.sty
Package: auxhook 2019-12-17 v1.6 Hooks for auxiliary files (HO)
)
\@linkdim=\dimen147
\Hy@linkcounter=\count273
\Hy@pagecounter=\count274
(/usr/local/texlive/texmf-dist/tex/latex/hyperref/pd1enc.def
File: pd1enc.def 2020-05-15 v7.00e Hyperref: PDFDocEncoding definition (HO)
) (/usr/local/texlive/texmf-dist/tex/generic/intcalc/intcalc.sty
Package: intcalc 2019/12/15 v1.3 Expandable calculations with integers (HO)
) (/usr/local/texlive/texmf-dist/tex/generic/etexcmds/etexcmds.sty
Package: etexcmds 2019/12/15 v1.7 Avoid name clashes with e-TeX commands (HO)
)
\Hy@SavedSpaceFactor=\count275
Package hyperref Info: Option `unicode' set `true' on input line 4338.
(/usr/local/texlive/texmf-dist/tex/latex/hyperref/puenc.def
File: puenc.def 2020-05-15 v7.00e Hyperref: PDF Unicode definition (HO)
)
Package hyperref Info: Hyper figures OFF on input line 4464.
Package hyperref Info: Link nesting OFF on input line 4469.
Package hyperref Info: Hyper index ON on input line 4472.
Package hyperref Info: Plain pages OFF on input line 4479.
Package hyperref Info: Backreferencing OFF on input line 4484.
Package hyperref Info: Implicit mode ON; LaTeX internals redefined.
Package hyperref Info: Bookmarks ON on input line 4717.
\c@Hy@tempcnt=\count276
(/usr/local/texlive/texmf-dist/tex/latex/url/url.sty
\Urlmuskip=\muskip18
Package: url 2013/09/16  ver 3.4  Verb mode for urls, etc.
)
LaTeX Info: Redefining \url on input line 5076.
\XeTeXLinkMargin=\dimen148
(/usr/local/texlive/texmf-dist/tex/generic/bitset/bitset.sty
Package: bitset 2019/12/09 v1.3 Handle bit-vector datatype (HO)
(/usr/local/texlive/texmf-dist/tex/generic/bigintcalc/bigintcalc.sty
Package: bigintcalc 2019/12/15 v1.5 Expandable calculations on big integers (HO
)
))
\Fld@menulength=\count277
\Field@Width=\dimen149
\Fld@charsize=\dimen150
Package hyperref Info: Hyper figures OFF on input line 6347.
Package hyperref Info: Link nesting OFF on input line 6352.
Package hyperref Info: Hyper index ON on input line 6355.
Package hyperref Info: backreferencing OFF on input line 6362.
Package hyperref Info: Link coloring OFF on input line 6367.
Package hyperref Info: Link coloring with OCG OFF on input line 6372.
Package hyperref Info: PDF/A mode OFF on input line 6377.
LaTeX Info: Redefining \ref on input line 6417.
LaTeX Info: Redefining \pageref on input line 6421.
(/usr/local/texlive/texmf-dist/tex/generic/atbegshi/atbegshi.sty
Package: atbegshi 2019/12/05 v1.19 At begin shipout hook (HO)
)
\Hy@abspage=\count278
\c@Item=\count279
\c@Hfootnote=\count280
)
Package hyperref Info: Driver (autodetected): hxetex.
(/usr/local/texlive/texmf-dist/tex/latex/hyperref/hxetex.def
File: hxetex.def 2020-05-15 v7.00e Hyperref driver for XeTeX
(/usr/local/texlive/texmf-dist/tex/generic/stringenc/stringenc.sty
Package: stringenc 2019/11/29 v1.12 Convert strings between diff. encodings (HO
)
)
\pdfm@box=\box48
\c@Hy@AnnotLevel=\count281
\HyField@AnnotCount=\count282
\Fld@listcount=\count283
\c@bookmark@seq@number=\count284
(/usr/local/texlive/texmf-dist/tex/latex/rerunfilecheck/rerunfilecheck.sty
Package: rerunfilecheck 2019/12/05 v1.9 Rerun checks for auxiliary files (HO)
(/usr/local/texlive/texmf-dist/tex/latex/atveryend/atveryend.sty
Package: atveryend 2019-12-11 v1.11 Hooks at the very end of document (HO)
) (/usr/local/texlive/texmf-dist/tex/generic/uniquecounter/uniquecounter.sty
Package: uniquecounter 2019/12/15 v1.4 Provide unlimited unique counter (HO)
)
Package uniquecounter Info: New unique counter `rerunfilecheck' on input line 2
86.
)
\Hy@SectionHShift=\skip52
) (/usr/local/texlive/texmf-dist/tex/latex/fancyvrb/fancyvrb.sty
Package: fancyvrb 2020/05/03 v3.6 verbatim text (tvz,hv)
\FV@CodeLineNo=\count285
\FV@InFile=\read2
\FV@TabBox=\box49
\c@FancyVerbLine=\count286
\FV@StepNumber=\count287
\FV@OutFile=\write3
) (/usr/local/texlive/texmf-dist/tex/latex/framed/framed.sty
Package: framed 2011/10/22 v 0.96: framed or shaded text with page breaks
\OuterFrameSep=\skip53
\fb@frw=\dimen151
\fb@frh=\dimen152
\FrameRule=\dimen153
\FrameSep=\dimen154
) (/usr/local/texlive/texmf-dist/tex/latex/tools/longtable.sty
Package: longtable 2020/01/07 v4.13 Multi-page Table package (DPC)
\LTleft=\skip54
\LTright=\skip55
\LTpre=\skip56
\LTpost=\skip57
\LTchunksize=\count288
\LTcapwidth=\dimen155
\LT@head=\box50
\LT@firsthead=\box51
\LT@foot=\box52
\LT@lastfoot=\box53
\LT@cols=\count289
\LT@rows=\count290
\c@LT@tables=\count291
\c@LT@chunks=\count292
\LT@p@ftn=\toks22
) (/usr/local/texlive/texmf-dist/tex/latex/booktabs/booktabs.sty
Package: booktabs 2020/01/12 v1.61803398 Publication quality tables
\heavyrulewidth=\dimen156
\lightrulewidth=\dimen157
\cmidrulewidth=\dimen158
\belowrulesep=\dimen159
\belowbottomsep=\dimen160
\aboverulesep=\dimen161
\abovetopsep=\dimen162
\cmidrulesep=\dimen163
\cmidrulekern=\dimen164
\defaultaddspace=\dimen165
\@cmidla=\count293
\@cmidlb=\count294
\@aboverulesep=\dimen166
\@belowrulesep=\dimen167
\@thisruleclass=\count295
\@lastruleclass=\count296
\@thisrulewidth=\dimen168
) (/usr/local/texlive/texmf-dist/tex/latex/mdwtools/footnote.sty
Package: footnote 1997/01/28 1.13 Save footnotes around boxes
\fn@notes=\box54
\fn@width=\dimen169
) (/usr/local/texlive/texmf-dist/tex/latex/graphics/graphicx.sty
Package: graphicx 2019/11/30 v1.2a Enhanced LaTeX Graphics (DPC,SPQR)
(/usr/local/texlive/texmf-dist/tex/latex/graphics/graphics.sty
Package: graphics 2019/11/30 v1.4a Standard LaTeX Graphics (DPC,SPQR)
(/usr/local/texlive/texmf-dist/tex/latex/graphics/trig.sty
Package: trig 2016/01/03 v1.10 sin cos tan (DPC)
) (/usr/local/texlive/texmf-dist/tex/latex/graphics-cfg/graphics.cfg
File: graphics.cfg 2016/06/04 v1.11 sample graphics configuration
)
Package graphics Info: Driver file: xetex.def on input line 105.
)
\Gin@req@height=\dimen170
\Gin@req@width=\dimen171
) (/usr/local/texlive/texmf-dist/tex/latex/grffile/grffile.sty
Package: grffile 2019/11/11 v2.1 Extended file name support for graphics (legac
y)
Package grffile Info: This package is an empty stub for compatibility on input 
line 40.
) (./_main.aux

LaTeX Warning: Label `introduction' multiply defined.


LaTeX Warning: Label `example' multiply defined.


LaTeX Warning: Label `example-1' multiply defined.


LaTeX Warning: Label `' multiply defined.


LaTeX Warning: Label `introduction' multiply defined.


LaTeX Warning: Label `introduction' multiply defined.


LaTeX Warning: Label `examples' multiply defined.

)
\openout1 = `_main.aux'.

LaTeX Font Info:    Checking defaults for OML/cmm/m/it on input line 115.
LaTeX Font Info:    ... okay on input line 115.
LaTeX Font Info:    Checking defaults for OMS/cmsy/m/n on input line 115.
LaTeX Font Info:    ... okay on input line 115.
LaTeX Font Info:    Checking defaults for OT1/cmr/m/n on input line 115.
LaTeX Font Info:    ... okay on input line 115.
LaTeX Font Info:    Checking defaults for T1/cmr/m/n on input line 115.
LaTeX Font Info:    ... okay on input line 115.
LaTeX Font Info:    Checking defaults for TS1/cmr/m/n on input line 115.
LaTeX Font Info:    ... okay on input line 115.
LaTeX Font Info:    Checking defaults for TU/lmr/m/n on input line 115.
LaTeX Font Info:    ... okay on input line 115.
LaTeX Font Info:    Checking defaults for OMX/cmex/m/n on input line 115.
LaTeX Font Info:    ... okay on input line 115.
LaTeX Font Info:    Checking defaults for U/cmr/m/n on input line 115.
LaTeX Font Info:    ... okay on input line 115.
LaTeX Font Info:    Checking defaults for PD1/pdf/m/n on input line 115.
LaTeX Font Info:    ... okay on input line 115.
LaTeX Font Info:    Checking defaults for PU/pdf/m/n on input line 115.
LaTeX Font Info:    ... okay on input line 115.
LaTeX Font Info:    Overwriting math alphabet `\mathrm' in version `normal'
(Font)                  OT1/lmr/m/n --> TU/lmr/m/n on input line 115.
LaTeX Font Info:    Overwriting math alphabet `\mathit' in version `normal'
(Font)                  OT1/lmr/m/it --> TU/lmr/m/it on input line 115.
LaTeX Font Info:    Overwriting math alphabet `\mathbf' in version `normal'
(Font)                  OT1/lmr/bx/n --> TU/lmr/bx/n on input line 115.
LaTeX Font Info:    Overwriting math alphabet `\mathsf' in version `normal'
(Font)                  OT1/lmss/m/n --> TU/lmss/m/n on input line 115.
LaTeX Font Info:    Overwriting math alphabet `\mathsf' in version `bold'
(Font)                  OT1/lmss/bx/n --> TU/lmss/bx/n on input line 115.
LaTeX Font Info:    Overwriting math alphabet `\mathtt' in version `normal'
(Font)                  OT1/lmtt/m/n --> TU/lmtt/m/n on input line 115.
LaTeX Font Info:    Overwriting math alphabet `\mathtt' in version `bold'
(Font)                  OT1/lmtt/m/n --> TU/lmtt/bx/n on input line 115.

Package fontspec Info: latinmodern-math scale = 0.9999964596882403.


Package fontspec Info: latinmodern-math scale = 0.9999964596882403.


Package fontspec Info: latinmodern-math scale = 0.9999964596882403.


Package fontspec Info: Font family 'latinmodern-math.otf(0)' created for font
(fontspec)             'latinmodern-math.otf' with options
(fontspec)             [Scale=MatchLowercase,BoldItalicFont={},ItalicFont={},Sm
allCapsFont={},Script=Math,BoldFont={latinmodern-math.otf}].
(fontspec)              
(fontspec)              This font family consists of the following NFSS
(fontspec)             series/shapes:
(fontspec)              
(fontspec)             - 'normal' (m/n) with NFSS spec.:
(fontspec)             <->s*[0.9999964596882403]"[latinmodern-math.otf]/OT:scri
pt=math;language=dflt;"
(fontspec)             - 'small caps'  (m/sc) with NFSS spec.: 
(fontspec)             - 'bold' (b/n) with NFSS spec.:
(fontspec)             <->s*[0.9999964596882403]"[latinmodern-math.otf]/OT:scri
pt=math;language=dflt;"
(fontspec)             - 'bold small caps'  (b/sc) with NFSS spec.: 

LaTeX Font Info:    Font shape `TU/latinmodern-math.otf(0)/m/n' will be
(Font)              scaled to size 10.0pt on input line 115.

Package fontspec Info: latinmodern-math scale = 0.9999964596882403.


Package fontspec Info: latinmodern-math scale = 0.9999964596882403.


Package fontspec Info: latinmodern-math scale = 0.9999964596882403.


Package fontspec Info: latinmodern-math scale = 0.9999964596882403.


Package fontspec Info: latinmodern-math scale = 0.9999964596882403.


Package fontspec Info: Font family 'latinmodern-math.otf(1)' created for font
(fontspec)             'latinmodern-math.otf' with options
(fontspec)             [Scale=MatchLowercase,BoldItalicFont={},ItalicFont={},Sm
allCapsFont={},Script=Math,SizeFeatures={{Size=8.5-},{Size=6-8.5,Font=latinmode
rn-math.otf,Style=MathScript},{Size=-6,Font=latinmodern-math.otf,Style=MathScri
ptScript}},BoldFont={latinmodern-math.otf}].
(fontspec)              
(fontspec)              This font family consists of the following NFSS
(fontspec)             series/shapes:
(fontspec)              
(fontspec)             - 'normal' (m/n) with NFSS spec.:
(fontspec)             <8.5->s*[0.9999964596882403]"[latinmodern-math.otf]/OT:s
cript=math;language=dflt;"<6-8.5>s*[0.9999964596882403]"[latinmodern-math.otf]/
OT:script=math;language=dflt;+ssty=0;"<-6>s*[0.9999964596882403]"[latinmodern-m
ath.otf]/OT:script=math;language=dflt;+ssty=1;"
(fontspec)             - 'small caps'  (m/sc) with NFSS spec.: 
(fontspec)             - 'bold' (b/n) with NFSS spec.:
(fontspec)             <->s*[0.9999964596882403]"[latinmodern-math.otf]/OT:scri
pt=math;language=dflt;"
(fontspec)             - 'bold small caps'  (b/sc) with NFSS spec.: 

LaTeX Font Info:    Font shape `TU/latinmodern-math.otf(1)/m/n' will be
(Font)              scaled to size 10.0pt on input line 115.
LaTeX Font Info:    Encoding `OT1' has changed to `TU' for symbol font
(Font)              `operators' in the math version `normal' on input line 115.

LaTeX Font Info:    Overwriting symbol font `operators' in version `normal'
(Font)                  OT1/lmr/m/n --> TU/latinmodern-math.otf(1)/m/n on input
 line 115.
LaTeX Font Info:    Encoding `OT1' has changed to `TU' for symbol font
(Font)              `operators' in the math version `bold' on input line 115.
LaTeX Font Info:    Overwriting symbol font `operators' in version `bold'
(Font)                  OT1/lmr/bx/n --> TU/latinmodern-math.otf(1)/b/n on inpu
t line 115.

Package fontspec Info: latinmodern-math scale = 0.9999964596882403.


Package fontspec Info: latinmodern-math scale = 1.000096459334209.


Package fontspec Info: latinmodern-math scale = 0.9999964596882403.


Package fontspec Info: latinmodern-math scale = 1.000096459334209.


Package fontspec Info: latinmodern-math scale = 0.9999964596882403.


Package fontspec Info: latinmodern-math scale = 1.000096459334209.


Package fontspec Info: latinmodern-math scale = 0.9999964596882403.


Package fontspec Info: latinmodern-math scale = 1.000096459334209.


Package fontspec Info: latinmodern-math scale = 0.9999964596882403.


Package fontspec Info: latinmodern-math scale = 1.000096459334209.


Package fontspec Info: Font family 'latinmodern-math.otf(2)' created for font
(fontspec)             'latinmodern-math.otf' with options
(fontspec)             [Scale=MatchLowercase,BoldItalicFont={},ItalicFont={},Sm
allCapsFont={},Script=Math,SizeFeatures={{Size=8.5-},{Size=6-8.5,Font=latinmode
rn-math.otf,Style=MathScript},{Size=-6,Font=latinmodern-math.otf,Style=MathScri
ptScript}},BoldFont={latinmodern-math.otf},ScaleAgain=1.0001,FontAdjustment={\f
ontdimen
(fontspec)             8\font =6.77pt\relax \fontdimen 9\font =3.94pt\relax
(fontspec)             \fontdimen 10\font =4.44pt\relax \fontdimen 11\font
(fontspec)             =6.86pt\relax \fontdimen 12\font =3.45pt\relax
(fontspec)             \fontdimen 13\font =3.63pt\relax \fontdimen 14\font
(fontspec)             =3.63pt\relax \fontdimen 15\font =2.89pt\relax
(fontspec)             \fontdimen 16\font =2.47pt\relax \fontdimen 17\font
(fontspec)             =2.47pt\relax \fontdimen 18\font =2.5pt\relax
(fontspec)             \fontdimen 19\font =2.0pt\relax \fontdimen 22\font
(fontspec)             =2.5pt\relax \fontdimen 20\font =0pt\relax \fontdimen
(fontspec)             21\font =0pt\relax }].
(fontspec)              
(fontspec)              This font family consists of the following NFSS
(fontspec)             series/shapes:
(fontspec)              
(fontspec)             - 'normal' (m/n) with NFSS spec.:
(fontspec)             <8.5->s*[1.000096459334209]"[latinmodern-math.otf]/OT:sc
ript=math;language=dflt;"<6-8.5>s*[1.000096459334209]"[latinmodern-math.otf]/OT
:script=math;language=dflt;+ssty=0;"<-6>s*[1.000096459334209]"[latinmodern-math
.otf]/OT:script=math;language=dflt;+ssty=1;"
(fontspec)             - 'small caps'  (m/sc) with NFSS spec.: 
(fontspec)             and font adjustment code:
(fontspec)             \fontdimen 8\font =6.77pt\relax \fontdimen 9\font
(fontspec)             =3.94pt\relax \fontdimen 10\font =4.44pt\relax
(fontspec)             \fontdimen 11\font =6.86pt\relax \fontdimen 12\font
(fontspec)             =3.45pt\relax \fontdimen 13\font =3.63pt\relax
(fontspec)             \fontdimen 14\font =3.63pt\relax \fontdimen 15\font
(fontspec)             =2.89pt\relax \fontdimen 16\font =2.47pt\relax
(fontspec)             \fontdimen 17\font =2.47pt\relax \fontdimen 18\font
(fontspec)             =2.5pt\relax \fontdimen 19\font =2.0pt\relax \fontdimen
(fontspec)             22\font =2.5pt\relax \fontdimen 20\font =0pt\relax
(fontspec)             \fontdimen 21\font =0pt\relax 
(fontspec)             - 'bold' (b/n) with NFSS spec.:
(fontspec)             <->s*[1.000096459334209]"[latinmodern-math.otf]/OT:scrip
t=math;language=dflt;"
(fontspec)             - 'bold small caps'  (b/sc) with NFSS spec.: 
(fontspec)             and font adjustment code:
(fontspec)             \fontdimen 8\font =6.77pt\relax \fontdimen 9\font
(fontspec)             =3.94pt\relax \fontdimen 10\font =4.44pt\relax
(fontspec)             \fontdimen 11\font =6.86pt\relax \fontdimen 12\font
(fontspec)             =3.45pt\relax \fontdimen 13\font =3.63pt\relax
(fontspec)             \fontdimen 14\font =3.63pt\relax \fontdimen 15\font
(fontspec)             =2.89pt\relax \fontdimen 16\font =2.47pt\relax
(fontspec)             \fontdimen 17\font =2.47pt\relax \fontdimen 18\font
(fontspec)             =2.5pt\relax \fontdimen 19\font =2.0pt\relax \fontdimen
(fontspec)             22\font =2.5pt\relax \fontdimen 20\font =0pt\relax
(fontspec)             \fontdimen 21\font =0pt\relax 

LaTeX Font Info:    Encoding `OMS' has changed to `TU' for symbol font
(Font)              `symbols' in the math version `normal' on input line 115.
LaTeX Font Info:    Overwriting symbol font `symbols' in version `normal'
(Font)                  OMS/lmsy/m/n --> TU/latinmodern-math.otf(2)/m/n on inpu
t line 115.
LaTeX Font Info:    Encoding `OMS' has changed to `TU' for symbol font
(Font)              `symbols' in the math version `bold' on input line 115.
LaTeX Font Info:    Overwriting symbol font `symbols' in version `bold'
(Font)                  OMS/lmsy/b/n --> TU/latinmodern-math.otf(2)/b/n on inpu
t line 115.

Package fontspec Info: latinmodern-math scale = 0.9999964596882403.


Package fontspec Info: latinmodern-math scale = 0.9998964600422715.


Package fontspec Info: latinmodern-math scale = 0.9999964596882403.


Package fontspec Info: latinmodern-math scale = 0.9998964600422715.


Package fontspec Info: latinmodern-math scale = 0.9999964596882403.


Package fontspec Info: latinmodern-math scale = 0.9998964600422715.


Package fontspec Info: latinmodern-math scale = 0.9999964596882403.


Package fontspec Info: latinmodern-math scale = 0.9998964600422715.


Package fontspec Info: latinmodern-math scale = 0.9999964596882403.


Package fontspec Info: latinmodern-math scale = 0.9998964600422715.


Package fontspec Info: Font family 'latinmodern-math.otf(3)' created for font
(fontspec)             'latinmodern-math.otf' with options
(fontspec)             [Scale=MatchLowercase,BoldItalicFont={},ItalicFont={},Sm
allCapsFont={},Script=Math,SizeFeatures={{Size=8.5-},{Size=6-8.5,Font=latinmode
rn-math.otf,Style=MathScript},{Size=-6,Font=latinmodern-math.otf,Style=MathScri
ptScript}},BoldFont={latinmodern-math.otf},ScaleAgain=0.9999,FontAdjustment={\f
ontdimen
(fontspec)             8\font =0.4pt\relax \fontdimen 9\font =2.0pt\relax
(fontspec)             \fontdimen 10\font =1.67pt\relax \fontdimen 11\font
(fontspec)             =1.11pt\relax \fontdimen 12\font =6.0pt\relax
(fontspec)             \fontdimen 13\font =0pt\relax }].
(fontspec)              
(fontspec)              This font family consists of the following NFSS
(fontspec)             series/shapes:
(fontspec)              
(fontspec)             - 'normal' (m/n) with NFSS spec.:
(fontspec)             <8.5->s*[0.9998964600422715]"[latinmodern-math.otf]/OT:s
cript=math;language=dflt;"<6-8.5>s*[0.9998964600422715]"[latinmodern-math.otf]/
OT:script=math;language=dflt;+ssty=0;"<-6>s*[0.9998964600422715]"[latinmodern-m
ath.otf]/OT:script=math;language=dflt;+ssty=1;"
(fontspec)             - 'small caps'  (m/sc) with NFSS spec.: 
(fontspec)             and font adjustment code:
(fontspec)             \fontdimen 8\font =0.4pt\relax \fontdimen 9\font
(fontspec)             =2.0pt\relax \fontdimen 10\font =1.67pt\relax
(fontspec)             \fontdimen 11\font =1.11pt\relax \fontdimen 12\font
(fontspec)             =6.0pt\relax \fontdimen 13\font =0pt\relax 
(fontspec)             - 'bold' (b/n) with NFSS spec.:
(fontspec)             <->s*[0.9998964600422715]"[latinmodern-math.otf]/OT:scri
pt=math;language=dflt;"
(fontspec)             - 'bold small caps'  (b/sc) with NFSS spec.: 
(fontspec)             and font adjustment code:
(fontspec)             \fontdimen 8\font =0.4pt\relax \fontdimen 9\font
(fontspec)             =2.0pt\relax \fontdimen 10\font =1.67pt\relax
(fontspec)             \fontdimen 11\font =1.11pt\relax \fontdimen 12\font
(fontspec)             =6.0pt\relax \fontdimen 13\font =0pt\relax 

LaTeX Font Info:    Encoding `OMX' has changed to `TU' for symbol font
(Font)              `largesymbols' in the math version `normal' on input line 1
15.
LaTeX Font Info:    Overwriting symbol font `largesymbols' in version `normal'
(Font)                  OMX/lmex/m/n --> TU/latinmodern-math.otf(3)/m/n on inpu
t line 115.
LaTeX Font Info:    Encoding `OMX' has changed to `TU' for symbol font
(Font)              `largesymbols' in the math version `bold' on input line 115
.
LaTeX Font Info:    Overwriting symbol font `largesymbols' in version `bold'
(Font)                  OMX/lmex/m/n --> TU/latinmodern-math.otf(3)/b/n on inpu
t line 115.
\AtBeginShipoutBox=\box55
Package hyperref Info: Link coloring OFF on input line 115.
(/usr/local/texlive/texmf-dist/tex/latex/hyperref/nameref.sty
Package: nameref 2019/09/16 v2.46 Cross-referencing by name of section
(/usr/local/texlive/texmf-dist/tex/latex/refcount/refcount.sty
Package: refcount 2019/12/15 v3.6 Data extraction from label references (HO)
) (/usr/local/texlive/texmf-dist/tex/generic/gettitlestring/gettitlestring.sty
Package: gettitlestring 2019/12/15 v1.6 Cleanup title references (HO)
)
\c@section@level=\count297
)
LaTeX Info: Redefining \ref on input line 115.
LaTeX Info: Redefining \pageref on input line 115.
LaTeX Info: Redefining \nameref on input line 115.
(./_main.out) (./_main.out)
\@outlinefile=\write4
\openout4 = `_main.out'.

LaTeX Font Info:    Font shape `TU/latinmodern-math.otf(1)/m/n' will be
(Font)              scaled to size 12.0pt on input line 117.
LaTeX Font Info:    Font shape `TU/latinmodern-math.otf(1)/m/n' will be
(Font)              scaled to size 8.0pt on input line 117.
LaTeX Font Info:    Font shape `TU/latinmodern-math.otf(1)/m/n' will be
(Font)              scaled to size 6.0pt on input line 117.
LaTeX Font Info:    Trying to load font information for OML+lmm on input line 1
17.
(/usr/local/texlive/texmf-dist/tex/latex/lm/omllmm.fd
File: omllmm.fd 2009/10/30 v1.6 Font defs for Latin Modern
)
LaTeX Font Info:    Font shape `TU/latinmodern-math.otf(2)/m/n' will be
(Font)              scaled to size 12.0011pt on input line 117.
LaTeX Font Info:    Font shape `TU/latinmodern-math.otf(2)/m/n' will be
(Font)              scaled to size 8.00073pt on input line 117.
LaTeX Font Info:    Font shape `TU/latinmodern-math.otf(2)/m/n' will be
(Font)              scaled to size 6.00055pt on input line 117.
LaTeX Font Info:    Font shape `TU/latinmodern-math.otf(3)/m/n' will be
(Font)              scaled to size 11.99872pt on input line 117.
LaTeX Font Info:    Font shape `TU/latinmodern-math.otf(3)/m/n' will be
(Font)              scaled to size 7.99915pt on input line 117.
LaTeX Font Info:    Font shape `TU/latinmodern-math.otf(3)/m/n' will be
(Font)              scaled to size 5.99936pt on input line 117.
LaTeX Font Info:    Trying to load font information for U+msa on input line 117
.
(/usr/local/texlive/texmf-dist/tex/latex/amsfonts/umsa.fd
File: umsa.fd 2013/01/14 v3.01 AMS symbols A
)
LaTeX Font Info:    Trying to load font information for U+msb on input line 117
.
(/usr/local/texlive/texmf-dist/tex/latex/amsfonts/umsb.fd
File: umsb.fd 2013/01/14 v3.01 AMS symbols B
) [1


] [2

] (./_main.toc
LaTeX Font Info:    Font shape `TU/latinmodern-math.otf(1)/m/n' will be
(Font)              scaled to size 7.0pt on input line 2.
LaTeX Font Info:    Font shape `TU/latinmodern-math.otf(1)/m/n' will be
(Font)              scaled to size 5.0pt on input line 2.
LaTeX Font Info:    Font shape `TU/latinmodern-math.otf(2)/m/n' will be
(Font)              scaled to size 10.00092pt on input line 2.
LaTeX Font Info:    Font shape `TU/latinmodern-math.otf(2)/m/n' will be
(Font)              scaled to size 7.00064pt on input line 2.
LaTeX Font Info:    Font shape `TU/latinmodern-math.otf(2)/m/n' will be
(Font)              scaled to size 5.00046pt on input line 2.
LaTeX Font Info:    Font shape `TU/latinmodern-math.otf(3)/m/n' will be
(Font)              scaled to size 9.99893pt on input line 2.
LaTeX Font Info:    Font shape `TU/latinmodern-math.otf(3)/m/n' will be
(Font)              scaled to size 6.99925pt on input line 2.
LaTeX Font Info:    Font shape `TU/latinmodern-math.otf(3)/m/n' will be
(Font)              scaled to size 4.99947pt on input line 2.
[3])
\tf@toc=\write5
\openout5 = `_main.toc'.

[4]
LaTeX Font Info:    Font shape `TU/lmtt/bx/n' in size <10> not available
(Font)              Font shape `TU/lmtt/b/n' tried instead on input line 140.

Overfull \hbox (75.0pt too wide) in paragraph at lines 168--168
[]\TU/lmtt/m/n/10 ## BLAS/LAPACK: /usr/lib/x86_64-linux-gnu/openblas-openmp/lib
openblasp-r0.3.8.so[] 
 []


Overfull \hbox (27.75pt too wide) in paragraph at lines 168--168
[]\TU/lmtt/m/n/10 ## [1] stats     graphics  grDevices utils     datasets  meth
ods   base[] 
 []

[5

]
Overfull \hbox (27.75pt too wide) in paragraph at lines 168--168
[]\TU/lmtt/m/n/10 ##  [1] compiler_4.0.2  magrittr_1.5    bookdown_0.20   htmlt
ools_0.5.0[] 
 []


Overfull \hbox (17.25pt too wide) in paragraph at lines 168--168
[]\TU/lmtt/m/n/10 ##  [5] tools_4.0.2     yaml_2.2.1      stringi_1.4.6   rmark
down_2.3[] 
 []

[6]
Chapter 1.
[7

]
Overfull \hbox (90.75pt too wide) in paragraph at lines 212--212
[]\TU/lmtt/m/n/10 ##  [1]   1   4   9  16  25  36  49  64  81 100 121 144 169 1
96 225 256 289 324 361[] 
 []

[8] [9] [10] [11] [12] [13] [14]
File: images/PipeOperator.png Graphic file (type bmp)
<images/PipeOperator.png>
[15]
Underfull \hbox (badness 3482) in paragraph at lines 806--807
\TU/lmr/m/n/10 Answer the question below, consulting the []\TU/lmtt/m/n/10 stri
ngr \TU/lmr/m/n/10 library reference
 []

[16] [17] [18

]
Chapter 2.
[19] [20]
Overfull \hbox (85.5pt too wide) in paragraph at lines 966--966
[]\TU/lmtt/m/n/10 ##  [1]  1.0  1.5  2.0  2.5  3.0  3.5  4.0  4.5  5.0  5.5  6.
0  6.5  7.0  7.5  8.0[] 
 []

[21]
Overfull \hbox (69.75pt too wide) in paragraph at lines 1063--1063
[]\TU/lmtt/m/n/10 ##  [1] 1.000000 1.414214 1.732051 2.000000 2.236068 2.449490
 2.645751 2.828427[] 
 []

[22] [23] [24] [25]
Underfull \vbox (badness 7221) has occurred while \output is active []

[26] [27]
Underfull \hbox (badness 5985) in paragraph at lines 1408--1409
\TU/lmr/m/n/10 would cause an error to occur, \TU/lmtt/m/n/10 Error in x^(1 / 3
) : non-numeric
 []


Underfull \hbox (badness 2368) in paragraph at lines 1408--1409
\TU/lmtt/m/n/10 argument to binary operator\TU/lmr/m/n/10 . That shouldn’t be s
urprising because
 []

[28] [29] [30

]
Chapter 3.
[31] [32]
Overfull \vbox (0.81337pt too high) detected at line 1542
 []

[33] [34]
Underfull \vbox (badness 1845) has occurred while \output is active []

[35]
Underfull \vbox (badness 3302) has occurred while \output is active []

[36] [37] [38] [39] [40

]
Chapter 4.
[41]
Overfull \vbox (0.46086pt too high) detected at line 1989
 []

[42] [43]
File: images/joins.png Graphic file (type bmp)
<images/joins.png>
[44] [45] [46] [47] [48] [49]
Overfull \hbox (63.89009pt too wide) in paragraph at lines 2336--2347
[][] 
 []

[50]
Underfull \hbox (badness 1975) in paragraph at lines 2395--2397
[]\TU/lmr/m/n/10 The absolute file path of a file can be obtained using the
 []


Underfull \hbox (badness 3396) in paragraph at lines 2395--2397
\TU/lmtt/m/n/10 file.choose() \TU/lmr/m/n/10 instruction from the \TU/lmr/m/it/
10 R Console\TU/lmr/m/n/10 , which will
 []


Underfull \hbox (badness 10000) in paragraph at lines 2407--2409
\TU/lmtt/m/n/10 started, the current *working directory* is usually the
 []


Underfull \hbox (badness 10000) in paragraph at lines 2407--2409
\TU/lmtt/m/n/10 computer user[]s home folder. - When working within an R
 []


Underfull \hbox (badness 10000) in paragraph at lines 2407--2409
\TU/lmtt/m/n/10 project, the current *working directory* is the project
 []


Underfull \hbox (badness 10000) in paragraph at lines 2407--2409
\TU/lmtt/m/n/10 directory. - The current working can be manually set to
 []

[51]
Overfull \hbox (123.58008pt too wide) in paragraph at lines 2451--2516
[][] 
 []


Underfull \vbox (badness 10000) has occurred while \output is active []

[52] [53] [54]
Overfull \hbox (3.59007pt too wide) in paragraph at lines 2607--2614
[][] 
 []

[55]
Overfull \hbox (49.75092pt too wide) in paragraph at lines 2651--2652
[]\TU/lmr/m/n/10 As each LSOA contains multiple OAs, each row from the \TU/lmtt
/m/n/10 leicester_IMD2015_decile_wide
 []


Overfull \hbox (6.94005pt too wide) in paragraph at lines 2666--2681
[][] 
 []


Underfull \vbox (badness 10000) has occurred while \output is active []

[56]
Overfull \vbox (28.1997pt too high) has occurred while \output is active []

[57] [58]
Underfull \hbox (badness 2717) in paragraph at lines 2843--2844
[]\TU/lmr/bx/n/10 Question 214.2.1: \TU/lmr/m/n/10 Write a piece of code using 
the pipe operator
 []


Underfull \hbox (badness 1681) in paragraph at lines 2843--2844
\TU/lmr/m/n/10 and the \TU/lmtt/m/n/10 dplyr \TU/lmr/m/n/10 and \TU/lmtt/m/n/10
 tidyr \TU/lmr/m/n/10 libraries to generate a long format of the
 []

[59] [60

]
Chapter 5.

Overfull \hbox (122.25pt too wide) in paragraph at lines 2863--2863
[]\TU/lmtt/m/n/10 [This is a link to the University of Leicester](http://le.ac.
uk) and **this is in bold**.[] 
 []

[61] [62]
Overfull \hbox (22.5pt too wide) in paragraph at lines 2967--2967
[]\TU/lmtt/m/n/10 This is my first [RMarkdown](https://rmarkdown.rstudio.com/) 
document.[] 
 []

[63]
File: images/git_three_stages.png Graphic file (type bmp)
<images/git_three_stages.png>
[64] [65]
Underfull \hbox (badness 10000) in paragraph at lines 3055--3057
[]\TU/lmr/m/n/10 Copy \TU/lmtt/m/n/10 https://github.com/sdesabbata/granolarr.g
it \TU/lmr/m/n/10 in the
 []

[66] [67] [68

]
Chapter 6.
[69]
File: 304_P_Exploratory_files/figure-latex/unnamed-chunk-3-1.pdf Graphic file (
type pdf)
<use 304_P_Exploratory_files/figure-latex/unnamed-chunk-3-1.pdf>

Underfull \vbox (badness 4036) has occurred while \output is active []

[70]
File: 304_P_Exploratory_files/figure-latex/unnamed-chunk-4-1.pdf Graphic file (
type pdf)
<use 304_P_Exploratory_files/figure-latex/unnamed-chunk-4-1.pdf>

Underfull \vbox (badness 10000) has occurred while \output is active []

[71]
Overfull \vbox (2.1627pt too high) detected at line 3205
 []

[72]
File: 304_P_Exploratory_files/figure-latex/unnamed-chunk-5-1.pdf Graphic file (
type pdf)
<use 304_P_Exploratory_files/figure-latex/unnamed-chunk-5-1.pdf>
File: 304_P_Exploratory_files/figure-latex/unnamed-chunk-6-1.pdf Graphic file (
type pdf)
<use 304_P_Exploratory_files/figure-latex/unnamed-chunk-6-1.pdf>

Underfull \vbox (badness 10000) has occurred while \output is active []

[73] [74]
File: 304_P_Exploratory_files/figure-latex/unnamed-chunk-7-1.pdf Graphic file (
type pdf)
<use 304_P_Exploratory_files/figure-latex/unnamed-chunk-7-1.pdf>
[75] [76]
Underfull \vbox (badness 2698) has occurred while \output is active []

[77]
Underfull \vbox (badness 1509) has occurred while \output is active []

[78] [79]
File: 304_P_Exploratory_files/figure-latex/unnamed-chunk-13-1.pdf Graphic file 
(type pdf)
<use 304_P_Exploratory_files/figure-latex/unnamed-chunk-13-1.pdf>

Underfull \vbox (badness 2359) has occurred while \output is active []

[80]
File: 304_P_Exploratory_files/figure-latex/unnamed-chunk-14-1.pdf Graphic file 
(type pdf)
<use 304_P_Exploratory_files/figure-latex/unnamed-chunk-14-1.pdf>
[81]
Underfull \hbox (badness 1990) in paragraph at lines 3577--3578
[]\TU/lmr/m/n/10 That manipulation creates one column per supergroup, containin
g the
 []


Overfull \hbox (47.11838pt too wide) in paragraph at lines 3647--3648
[]\TU/lmr/bx/n/10 Question 304.2.1: \TU/lmr/m/n/10 The code below uses the newl
y created \TU/lmtt/m/n/10 leic_2011OAC_20to24_supgrp
 []


Underfull \hbox (badness 2368) in paragraph at lines 3647--3648
\TU/lmr/m/n/10 table to calculate the descriptive statistics calculated for the
 variable
 []

[82]
Overfull \hbox (47.96011pt too wide) in paragraph at lines 3658--3703
[][] 
 []

[83] [84

]
Chapter 7.
[85]
File: 314_P_ComparingData_files/figure-latex/unnamed-chunk-3-1.pdf Graphic file
 (type pdf)
<use 314_P_ComparingData_files/figure-latex/unnamed-chunk-3-1.pdf>

Underfull \vbox (badness 4608) has occurred while \output is active []

[86] [87]
File: images/ANOVA_output_annotated.png Graphic file (type bmp)
<images/ANOVA_output_annotated.png>
[88] [89]
File: 314_P_ComparingData_files/figure-latex/unnamed-chunk-8-1.pdf Graphic file
 (type pdf)
<use 314_P_ComparingData_files/figure-latex/unnamed-chunk-8-1.pdf>
[90]
File: 314_P_ComparingData_files/figure-latex/unnamed-chunk-10-1.pdf Graphic fil
e (type pdf)
<use 314_P_ComparingData_files/figure-latex/unnamed-chunk-10-1.pdf>
[91]
Overfull \hbox (43.69008pt too wide) in paragraph at lines 4062--4079
[][] 
 []

[92]
Overfull \hbox (75.0pt too wide) in paragraph at lines 4141--4141
[]\TU/lmtt/m/n/10 (`tau =` -0.41). The two variables share 16.8% of variance. W
e can thus conclude[] 
 []

[93] [94]
Chapter 8.
[95

]
File: 324_P_Regression_files/figure-latex/unnamed-chunk-3-1.pdf Graphic file (t
ype pdf)
<use 324_P_Regression_files/figure-latex/unnamed-chunk-3-1.pdf>

Underfull \vbox (badness 10000) has occurred while \output is active []

[96] [97]
File: images/Regression_output_annotated.png Graphic file (type bmp)
<images/Regression_output_annotated.png>

Underfull \vbox (badness 2088) has occurred while \output is active []

[98]
File: 324_P_Regression_files/figure-latex/unnamed-chunk-5-1.pdf Graphic file (t
ype pdf)
<use 324_P_Regression_files/figure-latex/unnamed-chunk-5-1.pdf>
[99]
File: 324_P_Regression_files/figure-latex/unnamed-chunk-7-1.pdf Graphic file (t
ype pdf)
<use 324_P_Regression_files/figure-latex/unnamed-chunk-7-1.pdf>
[100]
File: 324_P_Regression_files/figure-latex/unnamed-chunk-10-1.pdf Graphic file (
type pdf)
<use 324_P_Regression_files/figure-latex/unnamed-chunk-10-1.pdf>
[101]
File: 324_P_Regression_files/figure-latex/unnamed-chunk-10-2.pdf Graphic file (
type pdf)
<use 324_P_Regression_files/figure-latex/unnamed-chunk-10-2.pdf>
File: 324_P_Regression_files/figure-latex/unnamed-chunk-10-3.pdf Graphic file (
type pdf)
<use 324_P_Regression_files/figure-latex/unnamed-chunk-10-3.pdf>
File: 324_P_Regression_files/figure-latex/unnamed-chunk-10-4.pdf Graphic file (
type pdf)
<use 324_P_Regression_files/figure-latex/unnamed-chunk-10-4.pdf>

Underfull \vbox (badness 10000) has occurred while \output is active []

[102] [103] [104]
Underfull \vbox (badness 10000) has occurred while \output is active []

[105] [106] [107] [108] [109] [110

]
Chapter 9.
[111]
File: images/artificial_neuron.png Graphic file (type bmp)
<images/artificial_neuron.png>
[112] [113] [114]
Underfull \vbox (badness 10000) has occurred while \output is active []

[115]
File: 404_P_SupervisedLearning_files/figure-latex/unnamed-chunk-6-1.pdf Graphic
 file (type pdf)
<use 404_P_SupervisedLearning_files/figure-latex/unnamed-chunk-6-1.pdf>

Underfull \vbox (badness 1484) detected at line 4954
 []

[116]
Overfull \hbox (27.75pt too wide) in paragraph at lines 4996--4996
[]\TU/lmtt/m/n/10 ## stats::glm(formula = rural_urban ~ density_log, family = b
inomial())[] 
 []

[117] [118] [119]
File: 404_P_SupervisedLearning_files/figure-latex/unnamed-chunk-10-1.pdf Graphi
c file (type pdf)
<use 404_P_SupervisedLearning_files/figure-latex/unnamed-chunk-10-1.pdf>
[120]
Underfull \vbox (badness 10000) detected at line 5168
 []


Underfull \vbox (badness 10000) detected at line 5168
 []

[121] [122]
Underfull \vbox (badness 10000) detected at line 5277
 []


Underfull \vbox (badness 10000) detected at line 5277
 []

[123]
Underfull \vbox (badness 10000) has occurred while \output is active []

[124] [125] [126]
File: 404_P_SupervisedLearning_files/figure-latex/unnamed-chunk-17-1.pdf Graphi
c file (type pdf)
<use 404_P_SupervisedLearning_files/figure-latex/unnamed-chunk-17-1.pdf>

Overfull \vbox (0.82185pt too high) detected at line 5472
 []

[127]
Underfull \vbox (badness 10000) has occurred while \output is active []

[128] [129] [130

]
Chapter 10.
[131] [132] [133] [134]
File: 414_P_UnsupervisedLearning_files/figure-latex/unnamed-chunk-6-1.pdf Graph
ic file (type pdf)
<use 414_P_UnsupervisedLearning_files/figure-latex/unnamed-chunk-6-1.pdf>
[135] [136]
File: 414_P_UnsupervisedLearning_files/figure-latex/unnamed-chunk-8-1.pdf Graph
ic file (type pdf)
<use 414_P_UnsupervisedLearning_files/figure-latex/unnamed-chunk-8-1.pdf>
File: 414_P_UnsupervisedLearning_files/figure-latex/unnamed-chunk-8-2.pdf Graph
ic file (type pdf)
<use 414_P_UnsupervisedLearning_files/figure-latex/unnamed-chunk-8-2.pdf>
[137]
File: 414_P_UnsupervisedLearning_files/figure-latex/unnamed-chunk-8-3.pdf Graph
ic file (type pdf)
<use 414_P_UnsupervisedLearning_files/figure-latex/unnamed-chunk-8-3.pdf>
[138]
File: 414_P_UnsupervisedLearning_files/figure-latex/unnamed-chunk-10-1.pdf Grap
hic file (type pdf)
<use 414_P_UnsupervisedLearning_files/figure-latex/unnamed-chunk-10-1.pdf>
[139]
File: 414_P_UnsupervisedLearning_files/figure-latex/unnamed-chunk-11-1.pdf Grap
hic file (type pdf)
<use 414_P_UnsupervisedLearning_files/figure-latex/unnamed-chunk-11-1.pdf>

Underfull \vbox (badness 1648) has occurred while \output is active []

[140]
File: 414_P_UnsupervisedLearning_files/figure-latex/unnamed-chunk-12-1.pdf Grap
hic file (type pdf)
<use 414_P_UnsupervisedLearning_files/figure-latex/unnamed-chunk-12-1.pdf>

Underfull \vbox (badness 10000) has occurred while \output is active []

[141]
Underfull \vbox (badness 8075) detected at line 5932
 []


Underfull \vbox (badness 3209) has occurred while \output is active []

[142]
File: 414_P_UnsupervisedLearning_files/figure-latex/unnamed-chunk-14-1.pdf Grap
hic file (type pdf)
<use 414_P_UnsupervisedLearning_files/figure-latex/unnamed-chunk-14-1.pdf>
[143]
File: 414_P_UnsupervisedLearning_files/figure-latex/unnamed-chunk-14-2.pdf Grap
hic file (type pdf)
<use 414_P_UnsupervisedLearning_files/figure-latex/unnamed-chunk-14-2.pdf>
File: 414_P_UnsupervisedLearning_files/figure-latex/unnamed-chunk-14-3.pdf Grap
hic file (type pdf)
<use 414_P_UnsupervisedLearning_files/figure-latex/unnamed-chunk-14-3.pdf>
[144]
File: 414_P_UnsupervisedLearning_files/figure-latex/unnamed-chunk-16-1.pdf Grap
hic file (type pdf)
<use 414_P_UnsupervisedLearning_files/figure-latex/unnamed-chunk-16-1.pdf>

Underfull \vbox (badness 10000) has occurred while \output is active []

[145] [146]
Underfull \vbox (badness 10000) detected at line 6071
 []


Underfull \vbox (badness 10000) has occurred while \output is active []

[147]
File: 414_P_UnsupervisedLearning_files/figure-latex/unnamed-chunk-17-1.pdf Grap
hic file (type pdf)
<use 414_P_UnsupervisedLearning_files/figure-latex/unnamed-chunk-17-1.pdf>
[148]
File: 414_P_UnsupervisedLearning_files/figure-latex/figures-side-1.pdf Graphic 
file (type pdf)
<use 414_P_UnsupervisedLearning_files/figure-latex/figures-side-1.pdf>

Underfull \vbox (badness 10000) has occurred while \output is active []

[149]
Underfull \vbox (badness 10000) has occurred while \output is active []

[150]
File: 414_P_UnsupervisedLearning_files/figure-latex/unnamed-chunk-19-1.pdf Grap
hic file (type pdf)
<use 414_P_UnsupervisedLearning_files/figure-latex/unnamed-chunk-19-1.pdf>
[151]
Package atveryend Info: Empty hook `BeforeClearDocument' on input line 6118.
[152]
Package atveryend Info: Empty hook `AfterLastShipout' on input line 6118.
(./_main.aux)
Package atveryend Info: Empty hook `AtVeryEndDocument' on input line 6118.
Package atveryend Info: Executing hook `AtEndAfterFileList' on input line 6118.

Package rerunfilecheck Info: File `_main.out' has not changed.
(rerunfilecheck)             Checksum: 03A3A54229CAEBE2D897A0EFA6EDA125;8266.

LaTeX Warning: There were multiply-defined labels.

 ) 
Here is how much of TeX's memory you used:
 17465 strings out of 481704
 316287 string characters out of 5933764
 734513 words of memory out of 5000000
 34281 multiletter control sequences out of 15000+600000
 541587 words of font info for 88 fonts, out of 8000000 for 9000
 14 hyphenation exceptions out of 8191
 53i,10n,118p,1090b,461s stack positions out of 5000i,500n,10000p,200000b,80000s

Output written on _main.pdf (152 pages).
